2021-04-30 08:03:26|   0.1|  0.1|INFORM|FME 2020.2.0.0 (20201027 - Build 20787 - WIN64)
2021-04-30 08:03:26|   0.1|  0.0|INFORM|FME_HOME is 'C:\Program Files\FME\'
2021-04-30 08:03:26|   0.1|  0.0|INFORM|FME Database Edition (floating)
2021-04-30 08:03:26|   0.1|  0.0|INFORM|Permanent License.
2021-04-30 08:03:26|   0.1|  0.0|INFORM|Machine host name is: OL101019
2021-04-30 08:03:26|   0.1|  0.0|INFORM|START - ProcessID: 12684, peak process memory usage: 41260 kB, current process memory usage: 41260 kB
2021-04-30 08:03:26|   0.1|  0.0|INFORM|FME Configuration: Command line arguments are `C:\Program Files\FME\fme.exe' `C:/DB/ENC_Update\wb-xlate-1619726603193_11076' `LOG_STANDARDOUT' `YES' `LogCountServerName' `{7b0a7653-1aac-4ed7-a7b3-898a545cf936}'
2021-04-30 08:03:26|   0.1|  0.0|INFORM|FME Configuration: Connection Storage: 'C:\Users\DPark\AppData\Roaming\Safe Software\FME\'
2021-04-30 08:03:28|   0.8|  0.8|INFORM|Shared folders for formats are : C:\Program Files\FME\datasources;\\ad.linz.govt.nz\dfs\opa\redirectedfolders\DPark\Documents\FME\Formats
2021-04-30 08:03:28|   0.8|  0.0|INFORM|Shared folders for transformers are : C:\Users\DPark\AppData\Roaming\Safe Software\FME\Packages\20787-win64\transformers;C:\Program Files\FME\transformers;C:\Users\DPark\AppData\Roaming\Safe Software\FME\FME Store\Transformers
2021-04-30 08:03:28|   0.8|  0.0|INFORM|Shared folders for coordinate systems are : \\ad.linz.govt.nz\dfs\opa\redirectedfolders\DPark\Documents\FME\CoordinateSystems
2021-04-30 08:03:28|   0.8|  0.0|INFORM|Shared folders for coordinate system exceptions are : \\ad.linz.govt.nz\dfs\opa\redirectedfolders\DPark\Documents\FME\CoordinateSystemExceptions
2021-04-30 08:03:28|   0.8|  0.0|INFORM|Shared folders for coordinate system grid overrides are : \\ad.linz.govt.nz\dfs\opa\redirectedfolders\DPark\Documents\FME\CoordinateSystemGridOverrides
2021-04-30 08:03:28|   0.8|  0.0|INFORM|Shared folders for CS-MAP transformation exceptions are : \\ad.linz.govt.nz\dfs\opa\redirectedfolders\DPark\Documents\FME\CsmapTransformationExceptions
2021-04-30 08:03:28|   0.8|  0.0|INFORM|Shared folders for transformer categories are : \\ad.linz.govt.nz\dfs\opa\redirectedfolders\DPark\Documents\FME\TransformerCategories
2021-04-30 08:03:28|   0.8|  0.0|INFORM|FME Configuration: Reader Keyword is `MULTI_READER'
2021-04-30 08:03:28|   0.8|  0.0|INFORM|FME Configuration: Writer Keyword is `MULTI_WRITER'
2021-04-30 08:03:28|   0.8|  0.0|INFORM|FME Configuration: Writer Group Definition Keyword is `MULTI_WRITER_DEF'
2021-04-30 08:03:28|   0.8|  0.0|INFORM|FME Configuration: Reader type is `MULTI_READER'
2021-04-30 08:03:28|   0.8|  0.0|INFORM|FME Configuration: Writer type is `MULTI_WRITER'
2021-04-30 08:03:28|   0.8|  0.0|INFORM|FME Configuration: No destination coordinate system set
2021-04-30 08:03:28|   0.8|  0.0|INFORM|FME Configuration: Current working folder is `C:\DB\ENC_Update'
2021-04-30 08:03:28|   0.8|  0.0|INFORM|FME Configuration: Temporary folder is `C:\Users\DPark\AppData\Local\Temp\wbrun_1619724324716_11076\fmetmp_1619726604595_11076', set from environment variable `FME_TEMP'
2021-04-30 08:03:28|   0.8|  0.0|INFORM|FME Configuration: FME_HOME is `C:\Program Files\FME\'
2021-04-30 08:03:28|   0.8|  0.0|INFORM|FME Configuration: FME_BASE is 'no'
2021-04-30 08:03:28|   0.8|  0.0|INFORM|FME Configuration: FME_MF_DIR is 'C:\DB\ENC_Update/'
2021-04-30 08:03:28|   0.8|  0.0|INFORM|FME Configuration: FME_MF_NAME is 'ENC_index_with_update_Prod_v03.fmw'
2021-04-30 08:03:28|   0.8|  0.0|INFORM|FME Configuration: FME_PRODUCT_NAME is 'FME(R) 2020.2.0.0'
2021-04-30 08:03:28|   0.8|  0.0|INFORM|System Status: 117.15 GB of disk space available in the FME temporary folder (C:\Users\DPark\AppData\Local\Temp\wbrun_1619724324716_11076\fmetmp_1619726604595_11076)
2021-04-30 08:03:28|   0.8|  0.0|INFORM|System Status: 31.86 GB of physical memory available
2021-04-30 08:03:28|   0.8|  0.0|INFORM|System Status: 127.43 GB of virtual memory available
2021-04-30 08:03:28|   0.8|  0.0|INFORM|Operating System: Microsoft Windows 10 64-bit  (Build 18362)
2021-04-30 08:03:28|   0.8|  0.0|INFORM|FME Platform: WIN64
2021-04-30 08:03:28|   0.8|  0.0|INFORM|Locale: en_NZ
2021-04-30 08:03:28|   0.8|  0.0|INFORM|System Encoding: windows-1252
2021-04-30 08:03:28|   0.8|  0.0|INFORM|FME Configuration: Start freeing memory when the process exceeds 95.57 GB
2021-04-30 08:03:28|   0.8|  0.0|INFORM|FME Configuration: Stop freeing memory when the process is below 71.68 GB
2021-04-30 08:03:29|   0.9|  0.0|INFORM|Creating writer for format: 
2021-04-30 08:03:29|   0.9|  0.0|INFORM|Creating reader for format: 
2021-04-30 08:03:29|   0.9|  0.0|INFORM|MULTI_READER(MULTI_READER): Will fail with first member reader failure
2021-04-30 08:03:29|   0.9|  0.0|INFORM|MULTI_READER(MULTI_READER): Adding POSTGIS Reader with keyword POSTGIS_1
2021-04-30 08:03:29|   0.9|  0.0|INFORM|Using Multi Reader with keyword `MULTI_READER' to read multiple datasets
2021-04-30 08:03:29|   1.0|  0.1|INFORM|FME Configuration: Using connection values from 'Post_Prod' for POSTGIS_1
2021-04-30 08:03:29|   1.0|  0.0|INFORM|Creating reader for format: PostGIS
2021-04-30 08:03:29|   1.1|  0.0|INFORM|Trying to find a DYNAMIC plugin for reader named `POSTGIS'
2021-04-30 08:03:29|   1.1|  0.0|INFORM|Loaded module 'POSTGIS' from file 'C:\Program Files\FME\plugins/POSTGIS.dll'
2021-04-30 08:03:29|   1.1|  0.0|INFORM|FME API version of module 'POSTGIS' matches current internal version (3.8 20200115)
2021-04-30 08:03:29|   1.1|  0.0|INFORM|Opening POSTGIS reader for dataset 'hydro_db'
2021-04-30 08:03:29|   1.1|  0.0|INFORM|PostGIS client encoding: 'UTF8'
2021-04-30 08:03:29|   1.1|  0.0|INFORM|PostgreSQL 9.3.25 on x86_64-pc-linux-gnu (Ubuntu 9.3.25-1.pgdg14.04+1), compiled by gcc (Ubuntu 4.8.4-2ubuntu1~14.04.4) 4.8.4, 64-bit
2021-04-30 08:03:29|   1.1|  0.0|INFORM|2.3 USE_GEOS=1 USE_PROJ=1 USE_STATS=1
2021-04-30 08:03:29|   1.1|  0.0|INFORM|POSTGIS reader: Building features into bulk mode features
2021-04-30 08:03:29|   1.1|  0.0|INFORM|Using MultiWriter with keyword `MULTI_WRITER' to output data (ID_ATTRIBUTE is `multi_writer_id')
2021-04-30 08:03:29|   1.1|  0.0|INFORM|Writer output will be ordered by value of multi_writer_id
2021-04-30 08:03:29|   1.1|  0.0|INFORM|Loaded module 'LogCount_func' from file 'C:\Program Files\FME\plugins/LogCount_func.dll'
2021-04-30 08:03:29|   1.1|  0.0|INFORM|FME API version of module 'LogCount_func' matches current internal version (3.8 20200115)
2021-04-30 08:03:29|   1.1|  0.0|INFORM|Loaded module 'QueryFactory' from file 'C:\Program Files\FME\plugins/QueryFactory.dll'
2021-04-30 08:03:29|   1.1|  0.0|INFORM|FME API version of module 'QueryFactory' matches current internal version (3.8 20200115)
2021-04-30 08:03:30|   1.1|  0.0|INFORM|Loaded module 'TransformPointCloud_func' from file 'C:\Program Files\FME\plugins/TransformPointCloud_func.dll'
2021-04-30 08:03:30|   1.1|  0.0|INFORM|FME API version of module 'TransformPointCloud_func' matches current internal version (3.8 20200115)
2021-04-30 08:03:30|   1.1|  0.0|INFORM|Loaded module 'InspectorFactory' from file 'C:\Program Files\FME\plugins/InspectorFactory.dll'
2021-04-30 08:03:30|   1.1|  0.0|INFORM|FME API version of module 'InspectorFactory' matches current internal version (3.8 20200115)
2021-04-30 08:03:30|   1.2|  0.0|INFORM|Executing data query: 'declare "hydro_indexes_enc_index_crsr" cursor for select "product_id","version_id","usage","usage_fil","enc_no","enc_name","edn_no","edn_date","upd_no","upd_date","comp_scale","region","min_x","min_y","max_x","max_y", ST_AsEWKB("shape") as "shape" from "hydro_indexes"."enc_index"'
2021-04-30 08:03:30|   1.2|  0.0|INFORM|Reading POSTGIS table: 'hydro_indexes.enc_index'...
2021-04-30 08:03:30|   1.2|  0.0|INFORM|FME Configuration: Source coordinate system for reader POSTGIS_1[POSTGIS] set to `EPSG:4326' as read from input data
2021-04-30 08:03:30|   1.3|  0.2|INFORM|Coordinate System `EPSG:4326' parameters: CS_NAME=`LL-WGS84' DESC_NM=`WGS84 Lat/Longs' DT_NAME=`WGS84' GROUP=`LL' MAP_SCL=`1' PROJ=`LL' QUAD=`1' SCL_RED=`1' UNIT=`DEGREE'
2021-04-30 08:03:30|   1.4|  0.1|STATS |Storing feature(s) to FME feature store file `C:\Users\DPark\AppData\Local\Temp\wb-cache-ENC_index_with_update_Prod_v03-sTElPi\Main_hydro_indexes.enc_index -1 31 -1  0  154a92ab03c7370ab049999941298fddf91f651b.ffsupdating'
2021-04-30 08:03:30|   1.4|  0.0|INFORM|FFS writer: Writing 323 feature(s) to file 'C:\Users\DPark\AppData\Local\Temp\wb-cache-ENC_index_with_update_Prod_v03-sTElPi\Main_hydro_indexes.enc_index -1 31 -1  0  154a92ab03c7370ab049999941298fddf91f651b.fts'
2021-04-30 08:03:30|   1.5|  0.1|INFORM|Spatial Index: Adding 323 features
2021-04-30 08:03:30|   1.6|  0.1|INFORM|FME Configuration: Using connection values from 'PHPD-Prod' for R_1
2021-04-30 08:03:30|   1.6|  0.0|INFORM|Creating reader for format: Oracle Spatial Object
2021-04-30 08:03:30|   1.7|  0.0|INFORM|Performing query against ORACLE_SPATIAL dataset `PHPD-Prod'
2021-04-30 08:03:30|   1.7|  0.0|INFORM|ORACLE Reader: Using Oracle Reader to read tables from database `', server type `ORACLE8i', server name `PHPD', user name `lhsphpd', password `***'
2021-04-30 08:03:30|   1.7|  0.0|INFORM|ORACLE Reader: Using Rich geometry.
2021-04-30 08:03:31|   1.7|  0.0|INFORM|Loaded module 'OCI' from file 'OCI.dll'
2021-04-30 08:03:31|   1.8|  0.1|INFORM|Environment variable ORACLE_HOME is not set.
2021-04-30 08:03:31|   1.8|  0.0|INFORM|Connecting to ORACLE database `PHPD' with user name of `lhsphpd' and password of `***'
2021-04-30 08:03:32|   1.8|  0.0|WARN  |Error connecting to Oracle database: message was `ORA-01017: invalid username/password; logon denied'. (serverType=`ORACLE8i', serverName=`PHPD', userName=`lhsphpd', password=`***', dbname=`')
2021-04-30 08:03:32|   1.8|  0.0|INFORM|Failed to open database with username='lhsphpd', retrying using uppercase username
2021-04-30 08:03:32|   1.8|  0.0|INFORM|Environment variable ORACLE_HOME is not set.
2021-04-30 08:03:32|   1.8|  0.0|INFORM|Connecting to ORACLE database `PHPD' with user name of `LHSPHPD' and password of `***'
2021-04-30 08:03:33|   1.8|  0.0|INFORM|Connected to ORACLE database `PHPD'
2021-04-30 08:03:33|   1.8|  0.0|INFORM|Unable to determine version of Oracle database. (serverType=`ORACLE8i', serverName=`PHPD', userName=`LHSPHPD', password=`***', dbname=`')
2021-04-30 08:03:33|   1.8|  0.0|INFORM|Environment variable ORACLE_HOME is not set.
2021-04-30 08:03:33|   1.8|  0.0|INFORM|Connecting to ORACLE database `PHPD' with user name of `LHSPHPD' and password of `***'
2021-04-30 08:03:33|   1.8|  0.0|INFORM|Connected to ORACLE database `PHPD'
2021-04-30 08:03:33|   1.8|  0.0|INFORM|ORACLE_SPATIAL reader: Building features into bulk mode features
2021-04-30 08:03:35|   1.8|  0.0|INFORM|ORACLE Reader: Executing SQL Statement `select p.PRODUCT_ID, 
PRODUCTVERSION_ID, 
USAGE_ID, 
NAME, 
attd.a_value DATSET,
attn.a_value COMMEN,
EDITION, 
VERSION, 
PRODUCT_STATUS,
atte.RELEASED,
SETISSUEDATEONEXPORT, 
attc.a_value COMPSC,
atti.a_value ISUDAT,
attu.a_value UPDDAT,
attz.a_value NATFLE,
SDO_GEOM.SDO_MIN_MBR_ORDINATE(p.GEOM, 1) min_x,
SDO_GEOM.SDO_MIN_MBR_ORDINATE(p.GEOM, 2) min_y,
SDO_GEOM.SDO_MAX_MBR_ORDINATE(p.GEOM, 1) max_x,
SDO_GEOM.SDO_MAX_MBR_ORDINATE(p.GEOM, 2) max_y,
SDO_UTIL.to_WKTGEOMETRY(geom) 
FROM VECTOR_PRODUCT_VIEW p INNER JOIN 
vector_product_usage pu
ON pu.product_id=p.product_id 

LEFT OUTER JOIN (
select distinct p.PRODUCT_ID, DBMS_LOB.SUBSTR(att_value, 10) a_value, acronym from VECTOR_PRODUCT_VIEW p, 
TABLE(p_encapi.getproductversionattributes(productversion_id)) a 
WHERE acronym = 'COMPSC' 
) attc ON attc.product_id = p.PRODUCT_ID

LEFT OUTER JOIN (
select distinct p.PRODUCT_ID, DBMS_LOB.SUBSTR(att_value, 10) a_value, acronym from VECTOR_PRODUCT_VIEW p, 
TABLE(p_encapi.getproductversionattributes(productversion_id)) a 
WHERE acronym = 'ISUDAT' 
) atti ON atti.product_id = p.PRODUCT_ID

LEFT OUTER JOIN (
select distinct p.PRODUCT_ID, DBMS_LOB.SUBSTR(att_value, 10) a_value, acronym from VECTOR_PRODUCT_VIEW p, 
TABLE(p_encapi.getproductversionattributes(productversion_id)) a 
WHERE acronym = 'UPDDAT' 
) attu ON attu.product_id = p.PRODUCT_ID

LEFT OUTER JOIN (
select distinct p.PRODUCT_ID, DBMS_LOB.SUBSTR(att_value, 10) a_value, acronym from VECTOR_PRODUCT_VIEW p,
TABLE(p_encapi.getproductversionattributes(productversion_id)) a 
WHERE acronym = 'COMMEN' 
) attn ON attn.product_id = p.PRODUCT_ID

LEFT OUTER JOIN (
select distinct p.PRODUCT_ID, DBMS_LOB.SUBSTR(att_value, 10) a_value, acronym from VECTOR_PRODUCT_VIEW p, 
TABLE(p_encapi.getproductversionattributes(productversion_id)) a 
WHERE acronym = 'DATSET' 
) attd ON attd.product_id = p.PRODUCT_ID

LEFT OUTER JOIN (
select distinct p.PRODUCT_ID, DBMS_LOB.SUBSTR(att_value, 10) a_value, acronym from VECTOR_PRODUCT_VIEW p,
TABLE(p_encapi.getproductversionattributes(productversion_id)) a 
WHERE acronym = 'NATFLE' 
) attz ON attz.product_id = p.PRODUCT_ID

JOIN (
select distinct p.PRODUCT_ID, e.RELEASED from VECTOR_PRODUCT_VIEW p, 
ENCINFO e
WHERE p.PRODUCTVERSION_ID = e.PRODUCTVERSION_ID 
) atte ON atte.product_id = p.PRODUCT_ID

WHERE PRODUCT_STATUS = 'Active' --AND p.PRODUCT_ID=596
order by product_id' to obtain features for feature type `'
2021-04-30 08:03:43|   2.0|  0.1|STATS |Storing feature(s) to FME feature store file `C:\Users\DPark\AppData\Local\Temp\wb-cache-ENC_index_with_update_Prod_v03-sTElPi\Main_SQLCreator -1 30 fo 0 RESULT  0  a574ff1e290388c2cae0a0c068fe6efbe7cff5ac.ffsupdating'
2021-04-30 08:03:43|   2.0|  0.0|INFORM|FFS writer: Writing 350 feature(s) to file 'C:\Users\DPark\AppData\Local\Temp\wb-cache-ENC_index_with_update_Prod_v03-sTElPi\Main_SQLCreator -1 30 fo 0 RESULT  0  a574ff1e290388c2cae0a0c068fe6efbe7cff5ac.fts'
2021-04-30 08:03:43|   2.0|  0.0|INFORM|2DBoxReplacer_testMinX (TestFactory): Splitting bulk mode features into features
2021-04-30 08:03:43|   2.0|  0.0|STATS |Storing feature(s) to FME feature store file `C:\Users\DPark\AppData\Local\Temp\wb-cache-ENC_index_with_update_Prod_v03-sTElPi\Main_2DBoxReplacer -1 40 fo 0 BOX  0  e68de040786280c6243e9babf106a50a5786a6fb.ffsupdating'
2021-04-30 08:03:43|   2.1|  0.0|STATS |Storing feature(s) to FME feature store file `C:\Users\DPark\AppData\Local\Temp\wb-cache-ENC_index_with_update_Prod_v03-sTElPi\Main_CoordinateExtractor -1 38 fo 0 OUTPUT  0  72e68eb3a2da1d9d8505baa98c48432460353ca9.ffsupdating'
2021-04-30 08:03:43|   2.1|  0.0|STATS |Storing feature(s) to FME feature store file `C:\Users\DPark\AppData\Local\Temp\wb-cache-ENC_index_with_update_Prod_v03-sTElPi\Main_TestFilter -1 44 fo 2 _lt_lt_gt_UNFILTERED_lt_gt_gt_  0  12c56dec83e550c7e4f94ab605e172f7c98418d6.ffsupdating'
2021-04-30 08:03:43|   2.1|  0.0|STATS |Storing feature(s) to FME feature store file `C:\Users\DPark\AppData\Local\Temp\wb-inspectors-EfFduJ\inspector.ffs'
2021-04-30 08:03:43|   2.1|  0.0|STATS |Storing feature(s) to FME feature store file `C:\Users\DPark\AppData\Local\Temp\wb-cache-ENC_index_with_update_Prod_v03-sTElPi\Main_TestFilter -1 44 fo 0 _lt_at_gt_Value_lt_openparen_gt__x_lt_closeparen_gt__lt_spa  0  2308d1c85b7b69df17ae584059a3109e7370cdfb.ffsupdating'
2021-04-30 08:03:43|   2.2|  0.0|STATS |Storing feature(s) to FME feature store file `C:\Users\DPark\AppData\Local\Temp\wb-cache-ENC_index_with_update_Prod_v03-sTElPi\Main_Offsetter -1 43 fo 0 OFFSET  0  1f0d84c78a95b02409fe980793db8c5305c67379.ffsupdating'
2021-04-30 08:03:43|   2.3|  0.2|INFORM|FeatureMerger (ReferenceFactory): Splitting bulk mode features into features
2021-04-30 08:03:43|   2.3|  0.0|STATS |Storing feature(s) to FME feature store file `C:\Users\DPark\AppData\Local\Temp\wb-cache-ENC_index_with_update_Prod_v03-sTElPi\Main_FeatureMerger -1 4 fo 4 _lt_REJECTED_gt_  0  8c33fb8a483fdfac7bf5a70cc005fa174ed207c4.ffsupdating'
2021-04-30 08:03:43|   2.4|  0.0|STATS |Storing feature(s) to FME feature store file `C:\Users\DPark\AppData\Local\Temp\wb-cache-ENC_index_with_update_Prod_v03-sTElPi\Main_AttributeCreator_4 -1 23 fo 0 OUTPUT  0  cdb30bb347bd41548d75e4583f3464c333ba3f38.ffsupdating'
2021-04-30 08:03:43|   2.4|  0.0|STATS |Storing feature(s) to FME feature store file `C:\Users\DPark\AppData\Local\Temp\wb-cache-ENC_index_with_update_Prod_v03-sTElPi\Main_AttributeManager -1 16 fo 0 OUTPUT  0  d1fffc330ffee699f539997fadbc0ce725f779dc.ffsupdating'
2021-04-30 08:03:43|   2.4|  0.0|INFORM|Successfully closed POSTGIS database reader
2021-04-30 08:03:43|   2.4|  0.0|INFORM|Successfully closed POSTGIS database reader
2021-04-30 08:03:43|   2.4|  0.0|INFORM|MULTI_READER(MULTI_READER): Done reading 323 features from 1 readers
2021-04-30 08:03:43|   2.4|  0.0|INFORM|Emptying factory pipeline
2021-04-30 08:03:43|   2.4|  0.0|STATS |Router and Unexpected Input Remover (RoutingFactory): Tested 323 input feature(s), wrote 323 output feature(s): 323 matched merge filters, 323 were routed to output, 0 could not be routed.
2021-04-30 08:03:43|   2.4|  0.0|STATS |Unexpected Input Remover Nuker (TeeFactory): Cloned 0 input feature(s) into 0 output feature(s)
2021-04-30 08:03:43|   2.4|  0.0|STATS |hydro_indexes.enc_index_POSTGIS_1 Splitter (TeeFactory): Cloned 323 input feature(s) into 323 output feature(s)
2021-04-30 08:03:43|   2.4|  0.0|STATS |hydro_indexes.enc_index_POSTGIS_1 Feature Counter -1 34 (TeeFactory): Cloned 323 input feature(s) into 323 output feature(s)
2021-04-30 08:03:43|   2.4|  0.0|STATS |SQLCreator_Creator (CreationFactory): Created 1 features
2021-04-30 08:03:43|   2.5|  0.0|STATS |SQLCreator RESULT Splitter (TeeFactory): Cloned 350 input feature(s) into 700 output feature(s)
2021-04-30 08:03:43|   2.5|  0.0|STATS |SQLCreator_RESULT_0_sjsReQioa5E= Feature Counter -1 39 (TeeFactory): Cloned 350 input feature(s) into 350 output feature(s)
2021-04-30 08:03:43|   2.5|  0.0|STATS |SQLCreator_RESULT_0_sjsReQioa5E= Brancher -1 39 (BranchingFactory): Branched 350 input features -- 1 feature routed to the target factory, and 0 features routed to the fallback factory.
2021-04-30 08:03:43|   2.5|  0.0|STATS |SQLCreator_RESULT_1_LV2HdoY65lk= Feature Counter -1 52 (TeeFactory): Cloned 350 input feature(s) into 350 output feature(s)
2021-04-30 08:03:43|   2.5|  0.0|STATS |SQLCreator_RESULT_1_LV2HdoY65lk= Brancher -1 52 (BranchingFactory): Branched 350 input features -- 1 feature routed to the target factory, and 0 features routed to the fallback factory.
2021-04-30 08:03:43|   2.5|  0.0|STATS |SQLCreator_<REJECTED> Feature Counter -1 2147614750 (TeeFactory): Cloned 0 input feature(s) into 0 output feature(s)
2021-04-30 08:03:43|   2.5|  0.0|STATS |_CREATOR_BRANCH_TARGET (TeeFactory): Cloned 1023 input feature(s) into 1023 output feature(s)
2021-04-30 08:03:43|   2.5|  0.0|STATS |2DBoxReplacer_testMinX (TestFactory): Tested 350 input feature(s) -- 350 feature(s) passed and 0 feature(s) failed
2021-04-30 08:03:43|   2.5|  0.0|STATS |2DBoxReplacer_testMaxX (TestFactory): Tested 350 input feature(s) -- 350 feature(s) passed and 0 feature(s) failed
2021-04-30 08:03:43|   2.5|  0.0|STATS |2DBoxReplacer_testMinY (TestFactory): Tested 350 input feature(s) -- 350 feature(s) passed and 0 feature(s) failed
2021-04-30 08:03:43|   2.5|  0.0|STATS |2DBoxReplacer_testMaxY (TestFactory): Tested 350 input feature(s) -- 350 feature(s) passed and 0 feature(s) failed
2021-04-30 08:03:43|   2.5|  0.0|STATS |2DBoxReplacer (TeeFactory): Cloned 350 input feature(s) into 350 output feature(s)
2021-04-30 08:03:43|   2.5|  0.0|STATS |2DBoxReplacer_BOX Feature Counter -1 41 (TeeFactory): Cloned 350 input feature(s) into 350 output feature(s)
2021-04-30 08:03:43|   2.5|  0.0|STATS |2DBoxReplacer_<REJECTED> Feature Counter -1 2147680296 (TeeFactory): Cloned 0 input feature(s) into 0 output feature(s)
2021-04-30 08:03:43|   2.5|  0.0|STATS |CoordinateExtractor_TESTZDEFAULT (TestFactory): Tested 350 input feature(s) -- 350 feature(s) passed and 0 feature(s) failed
2021-04-30 08:03:43|   2.5|  0.0|STATS |CoordinateExtractor_TESTMODE (TestFactory): Tested 350 input feature(s) -- 0 feature(s) passed and 350 feature(s) failed
2021-04-30 08:03:43|   2.5|  0.0|STATS |CoordinateExtractor_LIST (TestFactory): Tested 0 input feature(s) -- 0 feature(s) passed and 0 feature(s) failed
2021-04-30 08:03:43|   2.5|  0.0|STATS |CoordinateExtractor_SPECIFIC (TestFactory): Tested 350 input feature(s) -- 350 feature(s) passed and 0 feature(s) failed
2021-04-30 08:03:43|   2.5|  0.0|STATS |CoordinateExtractor_SPECIFIC_2D_3D (TestFactory): Tested 350 input feature(s) -- 350 feature(s) passed and 0 feature(s) failed
2021-04-30 08:03:43|   2.5|  0.0|STATS |CoordinateExtractor_SPECIFIC_2D (ExecuteFunctionFactory): Executed FME Functions on 350 input feature(s) -- 350 feature(s) completed and 0 feature(s) rejected
2021-04-30 08:03:43|   2.5|  0.0|STATS |CoordinateExtractor_SPECIFIC_3D (ExecuteFunctionFactory): Executed FME Functions on 0 input feature(s) -- 0 feature(s) completed and 0 feature(s) rejected
2021-04-30 08:03:43|   2.5|  0.0|STATS |CoordinateExtractor_OUTPUT Feature Counter -1 45 (TeeFactory): Cloned 350 input feature(s) into 350 output feature(s)
2021-04-30 08:03:43|   2.5|  0.0|STATS |CoordinateExtractor_<REJECTED> Feature Counter -1 2147680294 (TeeFactory): Cloned 0 input feature(s) into 0 output feature(s)
2021-04-30 08:03:43|   2.5|  0.0|STATS |TestFilter (TeeFactory): Cloned 350 input feature(s) into 350 output feature(s)
2021-04-30 08:03:43|   2.5|  0.0|STATS |TestFilter_Condition_1 (TestFactory): Tested 350 input feature(s) -- 88 feature(s) passed and 262 feature(s) failed
2021-04-30 08:03:43|   2.5|  0.0|STATS |TestFilter_Condition_2 (TestFactory): Tested 262 input feature(s) -- 0 feature(s) passed and 262 feature(s) failed
2021-04-30 08:03:43|   2.5|  0.0|STATS |TestFilter_<lt>UNFILTERED<gt> (TeeFactory): Cloned 262 input feature(s) into 262 output feature(s)
2021-04-30 08:03:43|   2.5|  0.0|STATS |TestFilter_<at>Value<openparen>_x<closeparen><space><lt><space>0 Feature Counter -1 42 (TeeFactory): Cloned 88 input feature(s) into 88 output feature(s)
2021-04-30 08:03:43|   2.5|  0.0|STATS |TestFilter_<at>Value<openparen>_x<closeparen><space><gt><space>360 Feature Counter -1 48 (TeeFactory): Cloned 0 input feature(s) into 0 output feature(s)
2021-04-30 08:03:43|   2.5|  0.0|STATS |TestFilter_<lt>UNFILTERED<gt> Feature Counter -1 50 (TeeFactory): Cloned 262 input feature(s) into 262 output feature(s)
2021-04-30 08:03:43|   2.5|  0.0|STATS |Offsetter_2_OffsetterInput (TeeFactory): Cloned 0 input feature(s) into 0 output feature(s)
2021-04-30 08:03:43|   2.5|  0.0|STATS |Offsetter_2_Offsetter (TeeFactory): Cloned 0 input feature(s) into 0 output feature(s)
2021-04-30 08:03:43|   2.5|  0.0|STATS |Offsetter_2_Rejector (TestFactory): Tested 0 input feature(s) -- 0 feature(s) passed and 0 feature(s) failed
2021-04-30 08:03:43|   2.5|  0.0|STATS |Offsetter_2_PointCloudOffsetter (TestFactory): Tested 0 input feature(s) -- 0 feature(s) passed and 0 feature(s) failed
2021-04-30 08:03:43|   2.5|  0.0|STATS |Offsetter_2_OFFSET Feature Counter -1 49 (TeeFactory): Cloned 0 input feature(s) into 0 output feature(s)
2021-04-30 08:03:43|   2.5|  0.0|STATS |Offsetter_2_<REJECTED> Feature Counter -1 2147680303 (TeeFactory): Cloned 0 input feature(s) into 0 output feature(s)
2021-04-30 08:03:43|   2.5|  0.0|STATS |Offsetter_OffsetterInput (TeeFactory): Cloned 88 input feature(s) into 88 output feature(s)
2021-04-30 08:03:43|   2.5|  0.0|STATS |Offsetter_Offsetter (TeeFactory): Cloned 88 input feature(s) into 88 output feature(s)
2021-04-30 08:03:43|   2.5|  0.0|STATS |Offsetter_Rejector (TestFactory): Tested 88 input feature(s) -- 0 feature(s) passed and 88 feature(s) failed
2021-04-30 08:03:43|   2.5|  0.0|STATS |Offsetter_PointCloudOffsetter (TestFactory): Tested 88 input feature(s) -- 0 feature(s) passed and 88 feature(s) failed
2021-04-30 08:03:43|   2.5|  0.0|STATS |Offsetter_OFFSET Feature Counter -1 46 (TeeFactory): Cloned 88 input feature(s) into 88 output feature(s)
2021-04-30 08:03:43|   2.5|  0.0|STATS |Offsetter_<REJECTED> Feature Counter -1 2147680299 (TeeFactory): Cloned 0 input feature(s) into 0 output feature(s)
2021-04-30 08:03:43|   2.5|  0.0|INFORM|FeatureMerger (ReferenceFactory): Splitting bulk mode features into features
2021-04-30 08:03:43|   2.5|  0.0|STATS |Storing feature(s) to FME feature store file `C:\Users\DPark\AppData\Local\Temp\wb-cache-ENC_index_with_update_Prod_v03-sTElPi\Main_FeatureMerger -1 4 fo 0 MERGED  0  eff207496defd4121cdc29343889403ee000bf75.ffsupdating'
2021-04-30 08:03:43|   2.5|  0.0|STATS |Storing feature(s) to FME feature store file `C:\Users\DPark\AppData\Local\Temp\wb-cache-ENC_index_with_update_Prod_v03-sTElPi\Main_AttributeCreator_3 -1 17 fo 0 OUTPUT  0  cc3844f10a625123be5183545d1f7cb2fa9bfbac.ffsupdating'
2021-04-30 08:03:43|   2.5|  0.0|STATS |Storing feature(s) to FME feature store file `C:\Users\DPark\AppData\Local\Temp\wb-cache-ENC_index_with_update_Prod_v03-sTElPi\Main_FeatureMerger -1 4 fo 1 UNMERGED_REQUESTOR  0  377a8076579512339f866c0e6425a5ee191dfdfd.ffsupdating'
2021-04-30 08:03:43|   2.6|  0.0|STATS |Storing feature(s) to FME feature store file `C:\Users\DPark\AppData\Local\Temp\wb-cache-ENC_index_with_update_Prod_v03-sTElPi\Main_AttributeCreator -1 13 fo 0 OUTPUT  0  87a055dfd1f3d45862d1ff8a6ed8a2c88640d99d.ffsupdating'
2021-04-30 08:03:44|   2.7|  0.1|STATS |Storing feature(s) to FME feature store file `C:\Users\DPark\AppData\Local\Temp\wb-cache-ENC_index_with_update_Prod_v03-sTElPi\Main_FeatureMerger -1 4 fo 2 USED_SUPPLIER  0  e4961a5bc254b40577618721b38121f9e677fdbe.ffsupdating'
2021-04-30 08:03:44|   2.7|  0.0|STATS |Storing feature(s) to FME feature store file `C:\Users\DPark\AppData\Local\Temp\wb-cache-ENC_index_with_update_Prod_v03-sTElPi\Main_FeatureMerger -1 4 fo 3 UNUSED_SUPPLIER  0  6638afc24cc481941ba305674159b03637eae822.ffsupdating'
2021-04-30 08:03:44|   2.7|  0.0|STATS |Storing feature(s) to FME feature store file `C:\Users\DPark\AppData\Local\Temp\wb-cache-ENC_index_with_update_Prod_v03-sTElPi\Main_AttributeCreator_2 -1 11 fo 0 OUTPUT  0  857c2f26984c998b9218d02f1bca52794c472a52.ffsupdating'
2021-04-30 08:03:44|   2.8|  0.0|STATS |FeatureMerger (ReferenceFactory): Total Results: 316 Complete Feature(s), 7 Incomplete Feature(s), 316 Referenced Feature(s), 32 Unreferenced Feature(s), 0 Referencer Feature(s) (NO REFERENCES), 0 Referencee Feature(s) (NO Referencee fields defined), and 2 Duplicate Referencee Feature(s)
2021-04-30 08:03:44|   2.8|  0.0|STATS |FeatureMerger_MERGED Feature Counter -1 18 (TeeFactory): Cloned 316 input feature(s) into 316 output feature(s)
2021-04-30 08:03:44|   2.8|  0.0|STATS |FeatureMerger_UNMERGED_REQUESTOR Feature Counter -1 9 (TeeFactory): Cloned 7 input feature(s) into 7 output feature(s)
2021-04-30 08:03:44|   2.8|  0.0|STATS |FeatureMerger_USED_SUPPLIER Feature Counter -1 2147745796 (TeeFactory): Cloned 316 input feature(s) into 0 output feature(s)
2021-04-30 08:03:44|   2.8|  0.0|STATS |FeatureMerger_UNUSED_SUPPLIER Feature Counter -1 10 (TeeFactory): Cloned 32 input feature(s) into 32 output feature(s)
2021-04-30 08:03:44|   2.8|  0.0|STATS |FeatureMerger_<REJECTED> Feature Counter -1 24 (TeeFactory): Cloned 2 input feature(s) into 2 output feature(s)
2021-04-30 08:03:44|   2.8|  0.0|STATS |AttributeCreator_4_OUTPUT Feature Counter -1 25 (TeeFactory): Cloned 2 input feature(s) into 2 output feature(s)
2021-04-30 08:03:44|   2.8|  0.0|STATS |AttributeCreator_2_OUTPUT Feature Counter -1 15 (TeeFactory): Cloned 32 input feature(s) into 32 output feature(s)
2021-04-30 08:03:44|   2.8|  0.0|STATS |AttributeCreator_OUTPUT Feature Counter -1 14 (TeeFactory): Cloned 7 input feature(s) into 7 output feature(s)
2021-04-30 08:03:44|   2.8|  0.0|STATS |AttributeCreator_3_OUTPUT Feature Counter -1 64 (TeeFactory): Cloned 316 input feature(s) into 316 output feature(s)
2021-04-30 08:03:44|   2.8|  0.0|STATS |AttributeManager_OUTPUT Feature Counter -1 20 (TeeFactory): Cloned 357 input feature(s) into 357 output feature(s)
2021-04-30 08:03:44|   2.8|  0.0|INFORM|Sorter (SortFactory): Starting sorting 357 feature(s)
2021-04-30 08:03:44|   2.8|  0.0|INFORM|Sorter (SortFactory): Done sorting 357 feature(s)
2021-04-30 08:03:44|   2.8|  0.0|STATS |Storing feature(s) to FME feature store file `C:\Users\DPark\AppData\Local\Temp\wb-cache-ENC_index_with_update_Prod_v03-sTElPi\Main_Sorter -1 19 fo 0 SORTED  0  8f4ee25c9dfb1e281f35b5ec2dc88eac69a0d51d.ffsupdating'
2021-04-30 08:03:44|   2.8|  0.0|STATS |Storing feature(s) to FME feature store file `C:\Users\DPark\AppData\Local\Temp\wb-cache-ENC_index_with_update_Prod_v03-sTElPi\Main_Tester -1 35 fo 1 FAILED  0  68a79638642548219585d4d68f77c26100bf4499.ffsupdating'
2021-04-30 08:03:44|   2.8|  0.0|STATS |Storing feature(s) to FME feature store file `C:\Users\DPark\AppData\Local\Temp\wb-cache-ENC_index_with_update_Prod_v03-sTElPi\Main_Tester -1 35 fo 0 PASSED  0  f0644b6538514fffb79450a6d872ac9afefc99a1.ffsupdating'
2021-04-30 08:03:44|   2.9|  0.1|INFORM|Creating writer for format: CSV (Comma Separated Value)
2021-04-30 08:03:44|   2.9|  0.0|INFORM|Trying to find a DYNAMIC plugin for writer named `CSV2'
2021-04-30 08:03:44|   2.9|  0.0|INFORM|Loaded module 'CSV2' from file 'C:\Program Files\FME\plugins/CSV2.dll'
2021-04-30 08:03:44|   2.9|  0.0|INFORM|FME API version of module 'CSV2' matches current internal version (3.8 20200115)
2021-04-30 08:03:44|   2.9|  0.0|INFORM|FME Configuration: No destination coordinate system set
2021-04-30 08:03:44|   2.9|  0.0|INFORM|FME API version of module 'CSV2' matches current internal version (3.8 20200115)
2021-04-30 08:03:44|   2.9|  0.0|INFORM|Writer `CSV2_1' of type `CSV2' using group definition keyword `CSV2_1_DEF'
2021-04-30 08:03:44|   2.9|  0.0|INFORM|FME API version of module 'CSV2' matches current internal version (3.8 20200115)
2021-04-30 08:03:44|   2.9|  0.0|INFORM|CSV writer: Directive '_EXTENSION' has the value 'csv'
2021-04-30 08:03:44|   2.9|  0.0|INFORM|CSV writer: Directive '_DELIMITER' has the value ','
2021-04-30 08:03:44|   2.9|  0.0|INFORM|CSV writer: Directive '_ENCODING' has the value 'UTF-8'
2021-04-30 08:03:44|   2.9|  0.0|INFORM|CSV writer: Directive '_WRITE_BOM_FOR_UNICODE' has the value 'Yes'
2021-04-30 08:03:44|   2.9|  0.0|INFORM|CSV writer: Directive '_QUALIFY_FIELD_NAMES' has the value 'if_needed'
2021-04-30 08:03:44|   2.9|  0.0|INFORM|CSV writer: Directive '_QUALIFY_FIELD_VALUES' has the value 'if_needed'
2021-04-30 08:03:44|   2.9|  0.0|INFORM|CSV writer: Directive '_FIELD_QUALIFIER_CHARACTER' has the value '"'
2021-04-30 08:03:44|   2.9|  0.0|INFORM|CSV writer: Directive '_FIELD_QUALIFIER_ESCAPE_CHARACTER' has the value '"'
2021-04-30 08:03:44|   2.9|  0.0|INFORM|CSV writer: Directive '_ROW_TERMINATION' has the value 'System'
2021-04-30 08:03:44|   2.9|  0.0|INFORM|CSV writer: Directive '_WRITE_SCHEMA_FILE' has the value 'NO'
2021-04-30 08:03:44|   2.9|  0.0|INFORM|CSV writer: Opening dataset 'C:\DB\ENC_Update\ENC\ENC_20210122.csv'
2021-04-30 08:03:44|   3.0|  0.0|STATS |Storing feature(s) to FME feature store file `C:\Users\DPark\AppData\Local\Temp\wb-cache-ENC_index_with_update_Prod_v03-sTElPi\Main_DateTimeStamper -1 55 fo 0 OUTPUT  0  05dd1610e76354066635e9cb7740029ca228d600.ffsupdating'
2021-04-30 08:03:44|   3.1|  0.1|STATS |Sorter (SortFactory): Finished sorting a total of 357 features.
2021-04-30 08:03:44|   3.1|  0.0|STATS |Sorter_SORTED Feature Counter -1 36 (TeeFactory): Cloned 357 input feature(s) into 357 output feature(s)
2021-04-30 08:03:44|   3.1|  0.0|STATS |Tester (TestFactory): Tested 357 input feature(s) -- 11 feature(s) passed and 346 feature(s) failed
2021-04-30 08:03:44|   3.1|  0.0|STATS |Tester PASSED Splitter (TeeFactory): Cloned 11 input feature(s) into 22 output feature(s)
2021-04-30 08:03:44|   3.1|  0.0|STATS |Tester_PASSED_0_M1wqjkih4e0= Feature Counter -1 53 (TeeFactory): Cloned 11 input feature(s) into 11 output feature(s)
2021-04-30 08:03:44|   3.1|  0.0|STATS |Tester_PASSED_1_8t6d0F2OYOU= Feature Counter -1 56 (TeeFactory): Cloned 11 input feature(s) into 11 output feature(s)
2021-04-30 08:03:44|   3.1|  0.0|STATS |Tester_FAILED Feature Counter -1 2147680291 (TeeFactory): Cloned 346 input feature(s) into 0 output feature(s)
2021-04-30 08:03:44|   3.1|  0.0|STATS |DateTimeStamper (TeeFactory): Cloned 11 input feature(s) into 11 output feature(s)
2021-04-30 08:03:44|   3.1|  0.0|STATS |Stored 1 feature(s) to FME feature store file `C:\Users\DPark\AppData\Local\Temp\wb-cache-ENC_index_with_update_Prod_v03-sTElPi\Main_hydro_indexes.enc_index -1 31 -1  0  154a92ab03c7370ab049999941298fddf91f651b.ffsupdating'
2021-04-30 08:03:44|   3.1|  0.0|INFORM|Saving spatial index into file 'C:\Users\DPark\AppData\Local\Temp\wb-cache-ENC_index_with_update_Prod_v03-sTElPi\Main_hydro_indexes.enc_index -1 31 -1  0  154a92ab03c7370ab049999941298fddf91f651b.fsi'
2021-04-30 08:03:44|   3.1|  0.0|INFORM|Finished saving spatial index into file 'C:\Users\DPark\AppData\Local\Temp\wb-cache-ENC_index_with_update_Prod_v03-sTElPi\Main_hydro_indexes.enc_index -1 31 -1  0  154a92ab03c7370ab049999941298fddf91f651b.fsi'
2021-04-30 08:03:44|   3.1|  0.0|STATS |Stored 316 feature(s) to FME feature store file `C:\Users\DPark\AppData\Local\Temp\wb-cache-ENC_index_with_update_Prod_v03-sTElPi\Main_FeatureMerger -1 4 fo 0 MERGED  0  eff207496defd4121cdc29343889403ee000bf75.ffsupdating'
2021-04-30 08:03:44|   3.1|  0.0|INFORM|Saving spatial index into file 'C:\Users\DPark\AppData\Local\Temp\wb-cache-ENC_index_with_update_Prod_v03-sTElPi\Main_FeatureMerger -1 4 fo 0 MERGED  0  eff207496defd4121cdc29343889403ee000bf75.fsi'
2021-04-30 08:03:44|   3.1|  0.0|INFORM|Finished saving spatial index into file 'C:\Users\DPark\AppData\Local\Temp\wb-cache-ENC_index_with_update_Prod_v03-sTElPi\Main_FeatureMerger -1 4 fo 0 MERGED  0  eff207496defd4121cdc29343889403ee000bf75.fsi'
2021-04-30 08:03:44|   3.1|  0.0|STATS |Stored 350 feature(s) to FME feature store file `C:\Users\DPark\AppData\Local\Temp\wb-cache-ENC_index_with_update_Prod_v03-sTElPi\Main_2DBoxReplacer -1 40 fo 0 BOX  0  e68de040786280c6243e9babf106a50a5786a6fb.ffsupdating'
2021-04-30 08:03:44|   3.1|  0.0|INFORM|Saving spatial index into file 'C:\Users\DPark\AppData\Local\Temp\wb-cache-ENC_index_with_update_Prod_v03-sTElPi\Main_2DBoxReplacer -1 40 fo 0 BOX  0  e68de040786280c6243e9babf106a50a5786a6fb.fsi'
2021-04-30 08:03:44|   3.1|  0.0|INFORM|Finished saving spatial index into file 'C:\Users\DPark\AppData\Local\Temp\wb-cache-ENC_index_with_update_Prod_v03-sTElPi\Main_2DBoxReplacer -1 40 fo 0 BOX  0  e68de040786280c6243e9babf106a50a5786a6fb.fsi'
2021-04-30 08:03:44|   3.1|  0.0|STATS |Stored 1 feature(s) to FME feature store file `C:\Users\DPark\AppData\Local\Temp\wb-cache-ENC_index_with_update_Prod_v03-sTElPi\Main_SQLCreator -1 30 fo 0 RESULT  0  a574ff1e290388c2cae0a0c068fe6efbe7cff5ac.ffsupdating'
2021-04-30 08:03:44|   3.1|  0.0|INFORM|Saving spatial index into file 'C:\Users\DPark\AppData\Local\Temp\wb-cache-ENC_index_with_update_Prod_v03-sTElPi\Main_SQLCreator -1 30 fo 0 RESULT  0  a574ff1e290388c2cae0a0c068fe6efbe7cff5ac.fsi'
2021-04-30 08:03:44|   3.1|  0.0|INFORM|Finished saving spatial index into file 'C:\Users\DPark\AppData\Local\Temp\wb-cache-ENC_index_with_update_Prod_v03-sTElPi\Main_SQLCreator -1 30 fo 0 RESULT  0  a574ff1e290388c2cae0a0c068fe6efbe7cff5ac.fsi'
2021-04-30 08:03:44|   3.1|  0.0|STATS |Stored 262 feature(s) to FME feature store file `C:\Users\DPark\AppData\Local\Temp\wb-cache-ENC_index_with_update_Prod_v03-sTElPi\Main_TestFilter -1 44 fo 2 _lt_lt_gt_UNFILTERED_lt_gt_gt_  0  12c56dec83e550c7e4f94ab605e172f7c98418d6.ffsupdating'
2021-04-30 08:03:44|   3.1|  0.0|INFORM|Saving spatial index into file 'C:\Users\DPark\AppData\Local\Temp\wb-cache-ENC_index_with_update_Prod_v03-sTElPi\Main_TestFilter -1 44 fo 2 _lt_lt_gt_UNFILTERED_lt_gt_gt_  0  12c56dec83e550c7e4f94ab605e172f7c98418d6.fsi'
2021-04-30 08:03:44|   3.1|  0.0|INFORM|Finished saving spatial index into file 'C:\Users\DPark\AppData\Local\Temp\wb-cache-ENC_index_with_update_Prod_v03-sTElPi\Main_TestFilter -1 44 fo 2 _lt_lt_gt_UNFILTERED_lt_gt_gt_  0  12c56dec83e550c7e4f94ab605e172f7c98418d6.fsi'
2021-04-30 08:03:44|   3.1|  0.0|STATS |Stored 88 feature(s) to FME feature store file `C:\Users\DPark\AppData\Local\Temp\wb-cache-ENC_index_with_update_Prod_v03-sTElPi\Main_Offsetter -1 43 fo 0 OFFSET  0  1f0d84c78a95b02409fe980793db8c5305c67379.ffsupdating'
2021-04-30 08:03:44|   3.1|  0.0|INFORM|Saving spatial index into file 'C:\Users\DPark\AppData\Local\Temp\wb-cache-ENC_index_with_update_Prod_v03-sTElPi\Main_Offsetter -1 43 fo 0 OFFSET  0  1f0d84c78a95b02409fe980793db8c5305c67379.fsi'
2021-04-30 08:03:44|   3.1|  0.0|INFORM|Finished saving spatial index into file 'C:\Users\DPark\AppData\Local\Temp\wb-cache-ENC_index_with_update_Prod_v03-sTElPi\Main_Offsetter -1 43 fo 0 OFFSET  0  1f0d84c78a95b02409fe980793db8c5305c67379.fsi'
2021-04-30 08:03:44|   3.1|  0.0|STATS |Stored 350 feature(s) to FME feature store file `C:\Users\DPark\AppData\Local\Temp\wb-cache-ENC_index_with_update_Prod_v03-sTElPi\Main_CoordinateExtractor -1 38 fo 0 OUTPUT  0  72e68eb3a2da1d9d8505baa98c48432460353ca9.ffsupdating'
2021-04-30 08:03:44|   3.1|  0.0|INFORM|Saving spatial index into file 'C:\Users\DPark\AppData\Local\Temp\wb-cache-ENC_index_with_update_Prod_v03-sTElPi\Main_CoordinateExtractor -1 38 fo 0 OUTPUT  0  72e68eb3a2da1d9d8505baa98c48432460353ca9.fsi'
2021-04-30 08:03:44|   3.1|  0.0|INFORM|Finished saving spatial index into file 'C:\Users\DPark\AppData\Local\Temp\wb-cache-ENC_index_with_update_Prod_v03-sTElPi\Main_CoordinateExtractor -1 38 fo 0 OUTPUT  0  72e68eb3a2da1d9d8505baa98c48432460353ca9.fsi'
2021-04-30 08:03:44|   3.1|  0.0|STATS |Stored 2 feature(s) to FME feature store file `C:\Users\DPark\AppData\Local\Temp\wb-cache-ENC_index_with_update_Prod_v03-sTElPi\Main_AttributeCreator_4 -1 23 fo 0 OUTPUT  0  cdb30bb347bd41548d75e4583f3464c333ba3f38.ffsupdating'
2021-04-30 08:03:44|   3.1|  0.0|INFORM|Saving spatial index into file 'C:\Users\DPark\AppData\Local\Temp\wb-cache-ENC_index_with_update_Prod_v03-sTElPi\Main_AttributeCreator_4 -1 23 fo 0 OUTPUT  0  cdb30bb347bd41548d75e4583f3464c333ba3f38.fsi'
2021-04-30 08:03:44|   3.1|  0.0|INFORM|Finished saving spatial index into file 'C:\Users\DPark\AppData\Local\Temp\wb-cache-ENC_index_with_update_Prod_v03-sTElPi\Main_AttributeCreator_4 -1 23 fo 0 OUTPUT  0  cdb30bb347bd41548d75e4583f3464c333ba3f38.fsi'
2021-04-30 08:03:44|   3.1|  0.0|STATS |Stored 350 feature(s) to FME feature store file `C:\Users\DPark\AppData\Local\Temp\wb-inspectors-EfFduJ\inspector.ffs'
2021-04-30 08:03:44|   3.1|  0.0|INFORM|Saving spatial index into file 'C:\Users\DPark\AppData\Local\Temp\wb-inspectors-EfFduJ\inspector.fsi'
2021-04-30 08:03:44|   3.1|  0.0|INFORM|Finished saving spatial index into file 'C:\Users\DPark\AppData\Local\Temp\wb-inspectors-EfFduJ\inspector.fsi'
2021-04-30 08:03:44|   3.1|  0.0|STATS |Stored 88 feature(s) to FME feature store file `C:\Users\DPark\AppData\Local\Temp\wb-cache-ENC_index_with_update_Prod_v03-sTElPi\Main_TestFilter -1 44 fo 0 _lt_at_gt_Value_lt_openparen_gt__x_lt_closeparen_gt__lt_spa  0  2308d1c85b7b69df17ae584059a3109e7370cdfb.ffsupdating'
2021-04-30 08:03:44|   3.1|  0.0|INFORM|Saving spatial index into file 'C:\Users\DPark\AppData\Local\Temp\wb-cache-ENC_index_with_update_Prod_v03-sTElPi\Main_TestFilter -1 44 fo 0 _lt_at_gt_Value_lt_openparen_gt__x_lt_closeparen_gt__lt_spa  0  2308d1c85b7b69df17ae584059a3109e7370cdfb.fsi'
2021-04-30 08:03:44|   3.1|  0.0|INFORM|Finished saving spatial index into file 'C:\Users\DPark\AppData\Local\Temp\wb-cache-ENC_index_with_update_Prod_v03-sTElPi\Main_TestFilter -1 44 fo 0 _lt_at_gt_Value_lt_openparen_gt__x_lt_closeparen_gt__lt_spa  0  2308d1c85b7b69df17ae584059a3109e7370cdfb.fsi'
2021-04-30 08:03:44|   3.1|  0.0|STATS |Stored 2 feature(s) to FME feature store file `C:\Users\DPark\AppData\Local\Temp\wb-cache-ENC_index_with_update_Prod_v03-sTElPi\Main_FeatureMerger -1 4 fo 4 _lt_REJECTED_gt_  0  8c33fb8a483fdfac7bf5a70cc005fa174ed207c4.ffsupdating'
2021-04-30 08:03:44|   3.1|  0.0|INFORM|Saving spatial index into file 'C:\Users\DPark\AppData\Local\Temp\wb-cache-ENC_index_with_update_Prod_v03-sTElPi\Main_FeatureMerger -1 4 fo 4 _lt_REJECTED_gt_  0  8c33fb8a483fdfac7bf5a70cc005fa174ed207c4.fsi'
2021-04-30 08:03:44|   3.1|  0.0|INFORM|Finished saving spatial index into file 'C:\Users\DPark\AppData\Local\Temp\wb-cache-ENC_index_with_update_Prod_v03-sTElPi\Main_FeatureMerger -1 4 fo 4 _lt_REJECTED_gt_  0  8c33fb8a483fdfac7bf5a70cc005fa174ed207c4.fsi'
2021-04-30 08:03:44|   3.1|  0.0|STATS |Stored 357 feature(s) to FME feature store file `C:\Users\DPark\AppData\Local\Temp\wb-cache-ENC_index_with_update_Prod_v03-sTElPi\Main_AttributeManager -1 16 fo 0 OUTPUT  0  d1fffc330ffee699f539997fadbc0ce725f779dc.ffsupdating'
2021-04-30 08:03:44|   3.1|  0.0|INFORM|Saving spatial index into file 'C:\Users\DPark\AppData\Local\Temp\wb-cache-ENC_index_with_update_Prod_v03-sTElPi\Main_AttributeManager -1 16 fo 0 OUTPUT  0  d1fffc330ffee699f539997fadbc0ce725f779dc.fsi'
2021-04-30 08:03:44|   3.1|  0.0|INFORM|Finished saving spatial index into file 'C:\Users\DPark\AppData\Local\Temp\wb-cache-ENC_index_with_update_Prod_v03-sTElPi\Main_AttributeManager -1 16 fo 0 OUTPUT  0  d1fffc330ffee699f539997fadbc0ce725f779dc.fsi'
2021-04-30 08:03:44|   3.1|  0.0|STATS |Stored 316 feature(s) to FME feature store file `C:\Users\DPark\AppData\Local\Temp\wb-cache-ENC_index_with_update_Prod_v03-sTElPi\Main_AttributeCreator_3 -1 17 fo 0 OUTPUT  0  cc3844f10a625123be5183545d1f7cb2fa9bfbac.ffsupdating'
2021-04-30 08:03:44|   3.1|  0.0|INFORM|Saving spatial index into file 'C:\Users\DPark\AppData\Local\Temp\wb-cache-ENC_index_with_update_Prod_v03-sTElPi\Main_AttributeCreator_3 -1 17 fo 0 OUTPUT  0  cc3844f10a625123be5183545d1f7cb2fa9bfbac.fsi'
2021-04-30 08:03:44|   3.1|  0.0|INFORM|Finished saving spatial index into file 'C:\Users\DPark\AppData\Local\Temp\wb-cache-ENC_index_with_update_Prod_v03-sTElPi\Main_AttributeCreator_3 -1 17 fo 0 OUTPUT  0  cc3844f10a625123be5183545d1f7cb2fa9bfbac.fsi'
2021-04-30 08:03:44|   3.1|  0.0|STATS |Stored 7 feature(s) to FME feature store file `C:\Users\DPark\AppData\Local\Temp\wb-cache-ENC_index_with_update_Prod_v03-sTElPi\Main_FeatureMerger -1 4 fo 1 UNMERGED_REQUESTOR  0  377a8076579512339f866c0e6425a5ee191dfdfd.ffsupdating'
2021-04-30 08:03:44|   3.1|  0.0|INFORM|Saving spatial index into file 'C:\Users\DPark\AppData\Local\Temp\wb-cache-ENC_index_with_update_Prod_v03-sTElPi\Main_FeatureMerger -1 4 fo 1 UNMERGED_REQUESTOR  0  377a8076579512339f866c0e6425a5ee191dfdfd.fsi'
2021-04-30 08:03:44|   3.1|  0.0|INFORM|Finished saving spatial index into file 'C:\Users\DPark\AppData\Local\Temp\wb-cache-ENC_index_with_update_Prod_v03-sTElPi\Main_FeatureMerger -1 4 fo 1 UNMERGED_REQUESTOR  0  377a8076579512339f866c0e6425a5ee191dfdfd.fsi'
2021-04-30 08:03:44|   3.1|  0.0|STATS |Stored 7 feature(s) to FME feature store file `C:\Users\DPark\AppData\Local\Temp\wb-cache-ENC_index_with_update_Prod_v03-sTElPi\Main_AttributeCreator -1 13 fo 0 OUTPUT  0  87a055dfd1f3d45862d1ff8a6ed8a2c88640d99d.ffsupdating'
2021-04-30 08:03:44|   3.1|  0.0|INFORM|Saving spatial index into file 'C:\Users\DPark\AppData\Local\Temp\wb-cache-ENC_index_with_update_Prod_v03-sTElPi\Main_AttributeCreator -1 13 fo 0 OUTPUT  0  87a055dfd1f3d45862d1ff8a6ed8a2c88640d99d.fsi'
2021-04-30 08:03:44|   3.1|  0.0|INFORM|Finished saving spatial index into file 'C:\Users\DPark\AppData\Local\Temp\wb-cache-ENC_index_with_update_Prod_v03-sTElPi\Main_AttributeCreator -1 13 fo 0 OUTPUT  0  87a055dfd1f3d45862d1ff8a6ed8a2c88640d99d.fsi'
2021-04-30 08:03:44|   3.1|  0.0|STATS |Stored 316 feature(s) to FME feature store file `C:\Users\DPark\AppData\Local\Temp\wb-cache-ENC_index_with_update_Prod_v03-sTElPi\Main_FeatureMerger -1 4 fo 2 USED_SUPPLIER  0  e4961a5bc254b40577618721b38121f9e677fdbe.ffsupdating'
2021-04-30 08:03:44|   3.1|  0.0|INFORM|Saving spatial index into file 'C:\Users\DPark\AppData\Local\Temp\wb-cache-ENC_index_with_update_Prod_v03-sTElPi\Main_FeatureMerger -1 4 fo 2 USED_SUPPLIER  0  e4961a5bc254b40577618721b38121f9e677fdbe.fsi'
2021-04-30 08:03:44|   3.1|  0.0|INFORM|Finished saving spatial index into file 'C:\Users\DPark\AppData\Local\Temp\wb-cache-ENC_index_with_update_Prod_v03-sTElPi\Main_FeatureMerger -1 4 fo 2 USED_SUPPLIER  0  e4961a5bc254b40577618721b38121f9e677fdbe.fsi'
2021-04-30 08:03:44|   3.1|  0.0|STATS |Stored 32 feature(s) to FME feature store file `C:\Users\DPark\AppData\Local\Temp\wb-cache-ENC_index_with_update_Prod_v03-sTElPi\Main_FeatureMerger -1 4 fo 3 UNUSED_SUPPLIER  0  6638afc24cc481941ba305674159b03637eae822.ffsupdating'
2021-04-30 08:03:44|   3.1|  0.0|INFORM|Saving spatial index into file 'C:\Users\DPark\AppData\Local\Temp\wb-cache-ENC_index_with_update_Prod_v03-sTElPi\Main_FeatureMerger -1 4 fo 3 UNUSED_SUPPLIER  0  6638afc24cc481941ba305674159b03637eae822.fsi'
2021-04-30 08:03:44|   3.1|  0.0|INFORM|Finished saving spatial index into file 'C:\Users\DPark\AppData\Local\Temp\wb-cache-ENC_index_with_update_Prod_v03-sTElPi\Main_FeatureMerger -1 4 fo 3 UNUSED_SUPPLIER  0  6638afc24cc481941ba305674159b03637eae822.fsi'
2021-04-30 08:03:44|   3.1|  0.0|STATS |Stored 32 feature(s) to FME feature store file `C:\Users\DPark\AppData\Local\Temp\wb-cache-ENC_index_with_update_Prod_v03-sTElPi\Main_AttributeCreator_2 -1 11 fo 0 OUTPUT  0  857c2f26984c998b9218d02f1bca52794c472a52.ffsupdating'
2021-04-30 08:03:44|   3.1|  0.0|INFORM|Saving spatial index into file 'C:\Users\DPark\AppData\Local\Temp\wb-cache-ENC_index_with_update_Prod_v03-sTElPi\Main_AttributeCreator_2 -1 11 fo 0 OUTPUT  0  857c2f26984c998b9218d02f1bca52794c472a52.fsi'
2021-04-30 08:03:44|   3.1|  0.0|INFORM|Finished saving spatial index into file 'C:\Users\DPark\AppData\Local\Temp\wb-cache-ENC_index_with_update_Prod_v03-sTElPi\Main_AttributeCreator_2 -1 11 fo 0 OUTPUT  0  857c2f26984c998b9218d02f1bca52794c472a52.fsi'
2021-04-30 08:03:44|   3.1|  0.0|STATS |Stored 357 feature(s) to FME feature store file `C:\Users\DPark\AppData\Local\Temp\wb-cache-ENC_index_with_update_Prod_v03-sTElPi\Main_Sorter -1 19 fo 0 SORTED  0  8f4ee25c9dfb1e281f35b5ec2dc88eac69a0d51d.ffsupdating'
2021-04-30 08:03:44|   3.1|  0.0|INFORM|Saving spatial index into file 'C:\Users\DPark\AppData\Local\Temp\wb-cache-ENC_index_with_update_Prod_v03-sTElPi\Main_Sorter -1 19 fo 0 SORTED  0  8f4ee25c9dfb1e281f35b5ec2dc88eac69a0d51d.fsi'
2021-04-30 08:03:44|   3.1|  0.0|INFORM|Finished saving spatial index into file 'C:\Users\DPark\AppData\Local\Temp\wb-cache-ENC_index_with_update_Prod_v03-sTElPi\Main_Sorter -1 19 fo 0 SORTED  0  8f4ee25c9dfb1e281f35b5ec2dc88eac69a0d51d.fsi'
2021-04-30 08:03:44|   3.1|  0.0|STATS |Stored 346 feature(s) to FME feature store file `C:\Users\DPark\AppData\Local\Temp\wb-cache-ENC_index_with_update_Prod_v03-sTElPi\Main_Tester -1 35 fo 1 FAILED  0  68a79638642548219585d4d68f77c26100bf4499.ffsupdating'
2021-04-30 08:03:44|   3.1|  0.0|INFORM|Saving spatial index into file 'C:\Users\DPark\AppData\Local\Temp\wb-cache-ENC_index_with_update_Prod_v03-sTElPi\Main_Tester -1 35 fo 1 FAILED  0  68a79638642548219585d4d68f77c26100bf4499.fsi'
2021-04-30 08:03:44|   3.1|  0.0|INFORM|Finished saving spatial index into file 'C:\Users\DPark\AppData\Local\Temp\wb-cache-ENC_index_with_update_Prod_v03-sTElPi\Main_Tester -1 35 fo 1 FAILED  0  68a79638642548219585d4d68f77c26100bf4499.fsi'
2021-04-30 08:03:44|   3.1|  0.0|STATS |Stored 11 feature(s) to FME feature store file `C:\Users\DPark\AppData\Local\Temp\wb-cache-ENC_index_with_update_Prod_v03-sTElPi\Main_Tester -1 35 fo 0 PASSED  0  f0644b6538514fffb79450a6d872ac9afefc99a1.ffsupdating'
2021-04-30 08:03:44|   3.1|  0.0|INFORM|Saving spatial index into file 'C:\Users\DPark\AppData\Local\Temp\wb-cache-ENC_index_with_update_Prod_v03-sTElPi\Main_Tester -1 35 fo 0 PASSED  0  f0644b6538514fffb79450a6d872ac9afefc99a1.fsi'
2021-04-30 08:03:44|   3.1|  0.0|INFORM|Finished saving spatial index into file 'C:\Users\DPark\AppData\Local\Temp\wb-cache-ENC_index_with_update_Prod_v03-sTElPi\Main_Tester -1 35 fo 0 PASSED  0  f0644b6538514fffb79450a6d872ac9afefc99a1.fsi'
2021-04-30 08:03:44|   3.1|  0.0|STATS |Stored 11 feature(s) to FME feature store file `C:\Users\DPark\AppData\Local\Temp\wb-cache-ENC_index_with_update_Prod_v03-sTElPi\Main_DateTimeStamper -1 55 fo 0 OUTPUT  0  05dd1610e76354066635e9cb7740029ca228d600.ffsupdating'
2021-04-30 08:03:44|   3.1|  0.0|INFORM|Saving spatial index into file 'C:\Users\DPark\AppData\Local\Temp\wb-cache-ENC_index_with_update_Prod_v03-sTElPi\Main_DateTimeStamper -1 55 fo 0 OUTPUT  0  05dd1610e76354066635e9cb7740029ca228d600.fsi'
2021-04-30 08:03:44|   3.1|  0.0|INFORM|Finished saving spatial index into file 'C:\Users\DPark\AppData\Local\Temp\wb-cache-ENC_index_with_update_Prod_v03-sTElPi\Main_DateTimeStamper -1 55 fo 0 OUTPUT  0  05dd1610e76354066635e9cb7740029ca228d600.fsi'
2021-04-30 08:03:44|   3.1|  0.0|STATS |DateTimeStamper_OUTPUT Feature Counter -1 57 (TeeFactory): Cloned 11 input feature(s) into 11 output feature(s)
2021-04-30 08:03:44|   3.1|  0.0|STATS |Destination Feature Type Routing Correlator (RoutingFactory): Tested 22 input feature(s), wrote 22 output feature(s): 0 matched merge filters, 22 were routed to output, 0 could not be routed.
2021-04-30 08:03:44|   3.1|  0.0|STATS |Final Output Nuker (TeeFactory): Cloned 0 input feature(s) into 0 output feature(s)
2021-04-30 08:03:44|   3.1|  0.0|STATS |VisualizerProcessor (CreationFactory): Created 1 features
2021-04-30 08:03:44|   3.1|  0.0|STATS |VisualizerCleaner (TeeFactory): Cloned 1 input feature(s) into 0 output feature(s)
2021-04-30 08:03:44|   3.1|  0.0|INFORM|=-=-=-=-=-=-=-=-=-=-=-=-=-=-=-=-=-=-=-=-=-=-=-=-=-=-=-=-=-=-=-=-=-=-=-=-=-=-=-
2021-04-30 08:03:44|   3.1|  0.0|INFORM|Feature output statistics for `CSV2' writer using keyword `CSV2_1':
2021-04-30 08:03:44|   3.1|  0.0|STATS |=-=-=-=-=-=-=-=-=-=-=-=-=-=-=-=-=-=-=-=-=-=-=-=-=-=-=-=-=-=-=-=-=-=-=-=-=-=-=-
2021-04-30 08:03:44|   3.1|  0.0|STATS |                               Features Written
2021-04-30 08:03:44|   3.1|  0.0|STATS |=-=-=-=-=-=-=-=-=-=-=-=-=-=-=-=-=-=-=-=-=-=-=-=-=-=-=-=-=-=-=-=-=-=-=-=-=-=-=-
2021-04-30 08:03:44|   3.1|  0.0|STATS |ENC_20210122                                                                11
2021-04-30 08:03:44|   3.1|  0.0|STATS |==============================================================================
2021-04-30 08:03:44|   3.1|  0.0|STATS |Total Features Written                                                      11
2021-04-30 08:03:44|   3.1|  0.0|STATS |=-=-=-=-=-=-=-=-=-=-=-=-=-=-=-=-=-=-=-=-=-=-=-=-=-=-=-=-=-=-=-=-=-=-=-=-=-=-=-
2021-04-30 08:03:44|   3.1|  0.0|INFORM|MULTI_WRITER: multi_writer_id `1': Started outputting features
2021-04-30 08:03:44|   3.1|  0.0|INFORM|Creating writer for format: Microsoft Excel
2021-04-30 08:03:44|   3.1|  0.0|INFORM|Trying to find a DYNAMIC plugin for writer named `XLSXW'
2021-04-30 08:03:45|   3.1|  0.0|INFORM|Loaded module 'XLSXW' from file 'C:\Program Files\FME\plugins/xlsx.dll'
2021-04-30 08:03:45|   3.1|  0.0|INFORM|FME API version of module 'XLSXW' matches current internal version (3.8 20200115)
2021-04-30 08:03:45|   3.1|  0.0|INFORM|FME Configuration: No destination coordinate system set
2021-04-30 08:03:45|   3.1|  0.0|INFORM|FME API version of module 'XLSXW' matches current internal version (3.8 20200115)
2021-04-30 08:03:45|   3.1|  0.0|INFORM|Writer `XLSXW_1' of type `XLSXW' using group definition keyword `XLSXW_1_DEF'
2021-04-30 08:03:45|   3.1|  0.0|INFORM|FME API version of module 'XLSXW' matches current internal version (3.8 20200115)
2021-04-30 08:03:45|   3.1|  0.0|INFORM|Excel Writer: Use Attribute Names As Column Positions is set to 'no' for sheet 'ENC_' in dataset 'C:\DB\PC_Update\ENC_index_2021.xlsx' 
2021-04-30 08:03:45|   3.1|  0.0|INFORM|Excel Writer: No Handler for key 'cell_border_formatting'
2021-04-30 08:03:45|   3.1|  0.0|INFORM|Excel Writer: Opening dataset 'C:\DB\PC_Update\ENC_index_2021.xlsx'...
2021-04-30 08:03:45|   3.1|  0.0|INFORM|Excel Writer: Sheet 'ENC_20210430' has writer mode 'INSERT'
2021-04-30 08:03:45|   3.1|  0.0|INFORM|Excel Writer: Sheet 'ENC_20210430' has Output field names set to 'yes'
2021-04-30 08:03:45|   3.1|  0.0|INFORM|Excel Writer: Sheet 'ENC_20210430' will start writing to row '1' and column 'A' relative to its start location. Sheets have a starting location of row 1, column 1, named range starting locations can be specified
2021-04-30 08:03:45|   3.1|  0.0|INFORM|Excel Writer: Outputting field names for sheet 'ENC_20210430'
2021-04-30 08:03:45|   3.1|  0.0|INFORM|Excel Writer: Saving changes to dataset 'C:\DB\PC_Update\ENC_index_2021.xlsx'
2021-04-30 08:03:45|   3.1|  0.0|INFORM|Styles created: 3
2021-04-30 08:03:45|   3.1|  0.0|INFORM|Excel Writer: Closing dataset 'C:\DB\PC_Update\ENC_index_2021.xlsx'...
2021-04-30 08:03:45|   3.1|  0.0|INFORM|=-=-=-=-=-=-=-=-=-=-=-=-=-=-=-=-=-=-=-=-=-=-=-=-=-=-=-=-=-=-=-=-=-=-=-=-=-=-=-
2021-04-30 08:03:45|   3.1|  0.0|INFORM|Feature output statistics for `XLSXW' writer using keyword `XLSXW_1':
2021-04-30 08:03:45|   3.1|  0.0|STATS |=-=-=-=-=-=-=-=-=-=-=-=-=-=-=-=-=-=-=-=-=-=-=-=-=-=-=-=-=-=-=-=-=-=-=-=-=-=-=-
2021-04-30 08:03:45|   3.1|  0.0|STATS |                               Features Written
2021-04-30 08:03:45|   3.1|  0.0|STATS |=-=-=-=-=-=-=-=-=-=-=-=-=-=-=-=-=-=-=-=-=-=-=-=-=-=-=-=-=-=-=-=-=-=-=-=-=-=-=-
2021-04-30 08:03:45|   3.1|  0.0|STATS |ENC_20210430                                                                11
2021-04-30 08:03:45|   3.1|  0.0|STATS |==============================================================================
2021-04-30 08:03:45|   3.1|  0.0|STATS |Total Features Written                                                      11
2021-04-30 08:03:45|   3.1|  0.0|STATS |=-=-=-=-=-=-=-=-=-=-=-=-=-=-=-=-=-=-=-=-=-=-=-=-=-=-=-=-=-=-=-=-=-=-=-=-=-=-=-
2021-04-30 08:03:45|   3.1|  0.0|INFORM|MULTI_WRITER: multi_writer_id `1': done writing 11 feature(s) 
2021-04-30 08:03:45|   3.1|  0.0|INFORM|^^^^^^^^^^^^^^^^^^^^^^^^^^^^^^^^^^^^^^^^^^^^^^^^^^^^^^^^^^^^^^^^^^^^^^^^^^^^^^
2021-04-30 08:03:45|   3.1|  0.0|STATS |=-=-=-=-=-=-=-=-=-=-=-=-=-=-=-=-=-=-=-=-=-=-=-=-=-=-=-=-=-=-=-=-=-=-=-=-=-=-=-
2021-04-30 08:03:45|   3.1|  0.0|STATS |                            Features Read Summary
2021-04-30 08:03:45|   3.1|  0.0|STATS |=-=-=-=-=-=-=-=-=-=-=-=-=-=-=-=-=-=-=-=-=-=-=-=-=-=-=-=-=-=-=-=-=-=-=-=-=-=-=-
2021-04-30 08:03:45|   3.1|  0.0|STATS |hydro_indexes.enc_index                                                    323
2021-04-30 08:03:45|   3.1|  0.0|STATS |==============================================================================
2021-04-30 08:03:45|   3.1|  0.0|STATS |Total Features Read                                                        323
2021-04-30 08:03:45|   3.1|  0.0|STATS |=-=-=-=-=-=-=-=-=-=-=-=-=-=-=-=-=-=-=-=-=-=-=-=-=-=-=-=-=-=-=-=-=-=-=-=-=-=-=-
2021-04-30 08:03:45|   3.1|  0.0|STATS |=-=-=-=-=-=-=-=-=-=-=-=-=-=-=-=-=-=-=-=-=-=-=-=-=-=-=-=-=-=-=-=-=-=-=-=-=-=-=-
2021-04-30 08:03:45|   3.1|  0.0|STATS |                           Features Written Summary
2021-04-30 08:03:45|   3.1|  0.0|STATS |=-=-=-=-=-=-=-=-=-=-=-=-=-=-=-=-=-=-=-=-=-=-=-=-=-=-=-=-=-=-=-=-=-=-=-=-=-=-=-
2021-04-30 08:03:45|   3.1|  0.0|STATS |ENC_20210122                                                                11
2021-04-30 08:03:45|   3.1|  0.0|STATS |ENC_20210430                                                                11
2021-04-30 08:03:45|   3.1|  0.0|STATS |==============================================================================
2021-04-30 08:03:45|   3.1|  0.0|STATS |Total Features Written                                                      22
2021-04-30 08:03:45|   3.1|  0.0|STATS |=-=-=-=-=-=-=-=-=-=-=-=-=-=-=-=-=-=-=-=-=-=-=-=-=-=-=-=-=-=-=-=-=-=-=-=-=-=-=-
2021-04-30 08:03:45|   3.1|  0.0|WARN  |-~-~-~-~-~-~-~-~-~-~-~-~-~-~-~-~-~-~-~-~-~-~-~-~-~-~-~-~-~-~-~-~-~-~-~-~-~-~-~-~-
2021-04-30 08:03:45|   3.1|  0.0|WARN  |-~                                                                             ~-
2021-04-30 08:03:45|   3.1|  0.0|WARN  |-~    Feature caches have been recorded at every stage of the translation.     ~-
2021-04-30 08:03:45|   3.1|  0.0|WARN  |-~                      To inspect the recorded features,                      ~-
2021-04-30 08:03:45|   3.1|  0.0|WARN  |-~              click the feature cache icons next to the ports.               ~-
2021-04-30 08:03:45|   3.1|  0.0|WARN  |-~                                                                             ~-
2021-04-30 08:03:45|   3.1|  0.0|WARN  |-~-~-~-~-~-~-~-~-~-~-~-~-~-~-~-~-~-~-~-~-~-~-~-~-~-~-~-~-~-~-~-~-~-~-~-~-~-~-~-~-
2021-04-30 08:03:45|   3.1|  0.0|INFORM|Translation was SUCCESSFUL with 8 warning(s) (22 feature(s) output)
2021-04-30 08:03:45|   3.1|  0.0|INFORM|FME Session Duration: 19.1 seconds. (CPU: 1.3s user, 1.1s system)
2021-04-30 08:03:45|   3.1|  0.0|INFORM|END - ProcessID: 12684, peak process memory usage: 230252 kB, current process memory usage: 129736 kB
