2021-06-11 14:50:39|   0.0|  0.0|INFORM|FME 2020.2.0.0 (20201027 - Build 20787 - WIN64)
2021-06-11 14:50:39|   0.0|  0.0|INFORM|FME_HOME is 'C:\Program Files\FME\'
2021-06-11 14:50:39|   0.1|  0.0|INFORM|FME Database Edition (floating)
2021-06-11 14:50:39|   0.1|  0.0|INFORM|Permanent License.
2021-06-11 14:50:39|   0.1|  0.0|INFORM|Machine host name is: OL101019
2021-06-11 14:50:39|   0.1|  0.0|INFORM|START - ProcessID: 22232, peak process memory usage: 41384 kB, current process memory usage: 41384 kB
2021-06-11 14:50:39|   0.1|  0.0|INFORM|FME Configuration: Command line arguments are `C:\Program Files\FME\fme.exe' `C:/DB/ENC_Update\wb-xlate-1623379837343_5972' `LOG_STANDARDOUT' `YES' `LogCountServerName' `{6029fe6e-6a3f-4569-93c0-786c01b14a41}'
2021-06-11 14:50:39|   0.1|  0.0|INFORM|FME Configuration: Connection Storage: 'C:\Users\DPark\AppData\Roaming\Safe Software\FME\'
2021-06-11 14:50:42|   0.8|  0.7|INFORM|Shared folders for formats are : C:\Program Files\FME\datasources;\\ad.linz.govt.nz\dfs\opa\redirectedfolders\DPark\Documents\FME\Formats
2021-06-11 14:50:42|   0.8|  0.0|INFORM|Shared folders for transformers are : C:\Users\DPark\AppData\Roaming\Safe Software\FME\Packages\20787-win64\transformers;C:\Program Files\FME\transformers;C:\Users\DPark\AppData\Roaming\Safe Software\FME\FME Store\Transformers
2021-06-11 14:50:42|   0.8|  0.0|INFORM|Shared folders for coordinate systems are : \\ad.linz.govt.nz\dfs\opa\redirectedfolders\DPark\Documents\FME\CoordinateSystems
2021-06-11 14:50:42|   0.8|  0.0|INFORM|Shared folders for coordinate system exceptions are : \\ad.linz.govt.nz\dfs\opa\redirectedfolders\DPark\Documents\FME\CoordinateSystemExceptions
2021-06-11 14:50:42|   0.8|  0.0|INFORM|Shared folders for coordinate system grid overrides are : \\ad.linz.govt.nz\dfs\opa\redirectedfolders\DPark\Documents\FME\CoordinateSystemGridOverrides
2021-06-11 14:50:42|   0.8|  0.0|INFORM|Shared folders for CS-MAP transformation exceptions are : \\ad.linz.govt.nz\dfs\opa\redirectedfolders\DPark\Documents\FME\CsmapTransformationExceptions
2021-06-11 14:50:42|   0.8|  0.0|INFORM|Shared folders for transformer categories are : \\ad.linz.govt.nz\dfs\opa\redirectedfolders\DPark\Documents\FME\TransformerCategories
2021-06-11 14:50:42|   0.8|  0.0|INFORM|FME Configuration: Reader Keyword is `MULTI_READER'
2021-06-11 14:50:42|   0.8|  0.0|INFORM|FME Configuration: Writer Keyword is `WBROUTER_OUT'
2021-06-11 14:50:42|   0.8|  0.0|INFORM|FME Configuration: Writer Group Definition Keyword is `WBROUTER_OUT_DEF'
2021-06-11 14:50:42|   0.8|  0.0|INFORM|FME Configuration: Reader type is `MULTI_READER'
2021-06-11 14:50:42|   0.8|  0.0|INFORM|FME Configuration: Writer type is `NULL'
2021-06-11 14:50:42|   0.8|  0.0|INFORM|FME Configuration: No destination coordinate system set
2021-06-11 14:50:42|   0.8|  0.0|INFORM|FME Configuration: Current working folder is `C:\DB\ENC_Update'
2021-06-11 14:50:42|   0.8|  0.0|INFORM|FME Configuration: Temporary folder is `C:\Users\DPark\AppData\Local\Temp\wbrun_1623377139951_5972\fmetmp_1623379838375_5972', set from environment variable `FME_TEMP'
2021-06-11 14:50:42|   0.8|  0.0|INFORM|FME Configuration: FME_HOME is `C:\Program Files\FME\'
2021-06-11 14:50:42|   0.8|  0.0|INFORM|FME Configuration: FME_BASE is 'no'
2021-06-11 14:50:42|   0.8|  0.0|INFORM|FME Configuration: FME_MF_DIR is 'C:\DB\ENC_Update/'
2021-06-11 14:50:42|   0.8|  0.0|INFORM|FME Configuration: FME_MF_NAME is 'ENC_index_with_update_Prod_v05.fmw'
2021-06-11 14:50:42|   0.8|  0.0|INFORM|FME Configuration: FME_PRODUCT_NAME is 'FME(R) 2020.2.0.0'
2021-06-11 14:50:42|   0.8|  0.0|INFORM|System Status: 152.05 GB of disk space available in the FME temporary folder (C:\Users\DPark\AppData\Local\Temp\wbrun_1623377139951_5972\fmetmp_1623379838375_5972)
2021-06-11 14:50:42|   0.8|  0.0|INFORM|System Status: 31.86 GB of physical memory available
2021-06-11 14:50:42|   0.8|  0.0|INFORM|System Status: 127.43 GB of virtual memory available
2021-06-11 14:50:42|   0.8|  0.0|INFORM|Operating System: Microsoft Windows 10 64-bit  (Build 18362)
2021-06-11 14:50:42|   0.8|  0.0|INFORM|FME Platform: WIN64
2021-06-11 14:50:42|   0.8|  0.0|INFORM|Locale: en_NZ
2021-06-11 14:50:42|   0.8|  0.0|INFORM|System Encoding: windows-1252
2021-06-11 14:50:42|   0.8|  0.0|INFORM|FME Configuration: Start freeing memory when the process exceeds 95.57 GB
2021-06-11 14:50:42|   0.8|  0.0|INFORM|FME Configuration: Stop freeing memory when the process is below 71.68 GB
2021-06-11 14:50:42|   0.9|  0.1|INFORM|Creating writer for format: NULL (Nothing)
2021-06-11 14:50:42|   0.9|  0.0|INFORM|Trying to find a DYNAMIC plugin for writer named `NULL'
2021-06-11 14:50:42|   0.9|  0.0|INFORM|Loaded module 'NULL' from file 'C:\Program Files\FME\plugins/NULL.dll'
2021-06-11 14:50:42|   0.9|  0.0|INFORM|FME API version of module 'NULL' matches current internal version (3.8 20200115)
2021-06-11 14:50:42|   0.9|  0.0|INFORM|Creating reader for format: 
2021-06-11 14:50:42|   0.9|  0.0|INFORM|MULTI_READER(MULTI_READER): Will fail with first member reader failure
2021-06-11 14:50:42|   0.9|  0.0|INFORM|Using Multi Reader with keyword `MULTI_READER' to read multiple datasets
2021-06-11 14:50:42|   0.9|  0.0|INFORM|FME API version of module 'NULL' matches current internal version (3.8 20200115)
2021-06-11 14:50:42|   0.9|  0.0|INFORM|FME API version of module 'NULL' matches current internal version (3.8 20200115)
2021-06-11 14:50:42|   0.9|  0.0|INFORM|Loaded module 'LogCount_func' from file 'C:\Program Files\FME\plugins/LogCount_func.dll'
2021-06-11 14:50:42|   0.9|  0.0|INFORM|FME API version of module 'LogCount_func' matches current internal version (3.8 20200115)
2021-06-11 14:50:43|   0.9|  0.0|INFORM|Loaded module 'InspectorFactory' from file 'C:\Program Files\FME\plugins/InspectorFactory.dll'
2021-06-11 14:50:43|   0.9|  0.0|INFORM|FME API version of module 'InspectorFactory' matches current internal version (3.8 20200115)
2021-06-11 14:50:43|   0.9|  0.0|INFORM|... Last line repeated 4 times ...
2021-06-11 14:50:43|   0.9|  0.0|INFORM|Emptying factory pipeline
2021-06-11 14:50:43|   0.9|  0.0|STATS |Router and Unexpected Input Remover (RoutingFactory): Tested 0 input feature(s), wrote 0 output feature(s): 0 matched merge filters, 0 were routed to output, 0 could not be routed.
2021-06-11 14:50:43|   0.9|  0.0|STATS |Unexpected Input Remover Nuker (TeeFactory): Cloned 0 input feature(s) into 0 output feature(s)
2021-06-11 14:50:43|   0.9|  0.0|STATS |hydro_indexes.enc_index_POSTGIS_1 Splitter (TeeFactory): Cloned 0 input feature(s) into 0 output feature(s)
2021-06-11 14:50:43|   0.9|  0.0|STATS |Restoring 1 feature(s) from FME feature store file `C:\Users\DPark\AppData\Local\Temp\wb-cache-ENC_index_with_update_Prod_v05-MnqPmz\Main_SQLCreator -1 30 fo 0 RESULT  0  9727a4983b8e276f8a3622aabfe93187c9398f10.ffs'
2021-06-11 14:50:43|   0.9|  0.0|STATS |Storing feature(s) to FME feature store file `C:\Users\DPark\AppData\Local\Temp\wb-inspectors-MaEKGn\inspector.ffs'
2021-06-11 14:50:43|   1.0|  0.0|INFORM|FFS writer: Writing 353 feature(s) to file 'C:\Users\DPark\AppData\Local\Temp\wb-inspectors-MaEKGn\inspector.fts'
2021-06-11 14:50:43|   1.0|  0.0|INFORM|Spatial Index: Adding 353 features
2021-06-11 14:50:43|   1.0|  0.0|INFORM|SQLCreator_RESULT_-1_91_Player (RecorderFactory): Played back 353 feature(s) from file `C:\Users\DPark\AppData\Local\Temp\wb-cache-ENC_index_with_update_Prod_v05-MnqPmz\Main_SQLCreator -1 30 fo 0 RESULT  0  9727a4983b8e276f8a3622aabfe93187c9398f10.ffs'
2021-06-11 14:50:43|   1.0|  0.0|STATS |Restoring 1 feature(s) from FME feature store file `C:\Users\DPark\AppData\Local\Temp\wb-cache-ENC_index_with_update_Prod_v05-MnqPmz\Main_ChangeDetector_2 -1 66 fo 1 INSERTED  0  503e62e64607ab20c797595b4cee090d04c3fea8.ffs'
2021-06-11 14:50:43|   1.0|  0.0|INFORM|ChangeDetector_2_INSERTED_-1_90_Player (RecorderFactory): Played back 1 feature(s) from file `C:\Users\DPark\AppData\Local\Temp\wb-cache-ENC_index_with_update_Prod_v05-MnqPmz\Main_ChangeDetector_2 -1 66 fo 1 INSERTED  0  503e62e64607ab20c797595b4cee090d04c3fea8.ffs'
2021-06-11 14:50:43|   1.0|  0.0|STATS |Restoring 1 feature(s) from FME feature store file `C:\Users\DPark\AppData\Local\Temp\wb-cache-ENC_index_with_update_Prod_v05-MnqPmz\Main_Tester -1 35 fo 0 PASSED  0  466685077227d0a67d32f99c436b067a3db61031.ffs'
2021-06-11 14:50:43|   1.0|  0.0|INFORM|Tester_PASSED_1_8t6d0F2OYOU=_-1_61_Player (RecorderFactory): Played back 1 feature(s) from file `C:\Users\DPark\AppData\Local\Temp\wb-cache-ENC_index_with_update_Prod_v05-MnqPmz\Main_Tester -1 35 fo 0 PASSED  0  466685077227d0a67d32f99c436b067a3db61031.ffs'
2021-06-11 14:50:43|   1.0|  0.0|STATS |Restoring 1 feature(s) from FME feature store file `C:\Users\DPark\AppData\Local\Temp\wb-cache-ENC_index_with_update_Prod_v05-MnqPmz\Main_DateTimeStamper -1 55 fo 0 OUTPUT  0  033f3dadde1bd949b18c749ad4eb93456b497f3c.ffs'
2021-06-11 14:50:43|   1.0|  0.0|STATS |Restoring 1 feature(s) from FME feature store file `C:\Users\DPark\AppData\Local\Temp\wb-cache-ENC_index_with_update_Prod_v05-MnqPmz\Main_Tester -1 35 fo 0 PASSED  0  466685077227d0a67d32f99c436b067a3db61031.ffs'
2021-06-11 14:50:43|   1.0|  0.1|INFORM|Tester_PASSED_0_M1wqjkih4e0=_-1_53_Player (RecorderFactory): Played back 1 feature(s) from file `C:\Users\DPark\AppData\Local\Temp\wb-cache-ENC_index_with_update_Prod_v05-MnqPmz\Main_Tester -1 35 fo 0 PASSED  0  466685077227d0a67d32f99c436b067a3db61031.ffs'
2021-06-11 14:50:43|   1.1|  0.0|INFORM|DateTimeStamper_OUTPUT_-1_57_Player (RecorderFactory): Played back 1 feature(s) from file `C:\Users\DPark\AppData\Local\Temp\wb-cache-ENC_index_with_update_Prod_v05-MnqPmz\Main_DateTimeStamper -1 55 fo 0 OUTPUT  0  033f3dadde1bd949b18c749ad4eb93456b497f3c.ffs'
2021-06-11 14:50:43|   1.1|  0.0|STATS |Destination Feature Type Routing Correlator (RoutingFactory): Tested 2 input feature(s), wrote 2 output feature(s): 0 matched merge filters, 2 were routed to output, 0 could not be routed.
2021-06-11 14:50:43|   1.1|  0.0|STATS |Final Output Nuker (TeeFactory): Cloned 0 input feature(s) into 0 output feature(s)
2021-06-11 14:50:43|   1.1|  0.0|STATS |ENC_ Output Nuker (TeeFactory): Cloned 0 input feature(s) into 0 output feature(s)
2021-06-11 14:50:43|   1.1|  0.0|STATS |Stored 5 feature(s) to FME feature store file `C:\Users\DPark\AppData\Local\Temp\wb-inspectors-MaEKGn\inspector.ffs'
2021-06-11 14:50:43|   1.1|  0.0|INFORM|Saving spatial index into file 'C:\Users\DPark\AppData\Local\Temp\wb-inspectors-MaEKGn\inspector.fsi'
2021-06-11 14:50:43|   1.1|  0.0|INFORM|Finished saving spatial index into file 'C:\Users\DPark\AppData\Local\Temp\wb-inspectors-MaEKGn\inspector.fsi'
2021-06-11 14:50:43|   1.1|  0.0|STATS |ENC_20210122 Output Nuker (TeeFactory): Cloned 0 input feature(s) into 0 output feature(s)
2021-06-11 14:50:43|   1.1|  0.0|STATS |VisualizerProcessor (CreationFactory): Created 1 features
2021-06-11 14:50:43|   1.1|  0.0|STATS |VisualizerCleaner (TeeFactory): Cloned 1 input feature(s) into 0 output feature(s)
2021-06-11 14:50:43|   1.1|  0.0|STATS |=-=-=-=-=-=-=-=-=-=-=-=-=-=-=-=-=-=-=-=-=-=-=-=-=-=-=-=-=-=-=-=-=-=-=-=-=-=-=-
2021-06-11 14:50:43|   1.1|  0.0|STATS |                            Features Read Summary
2021-06-11 14:50:43|   1.1|  0.0|STATS |=-=-=-=-=-=-=-=-=-=-=-=-=-=-=-=-=-=-=-=-=-=-=-=-=-=-=-=-=-=-=-=-=-=-=-=-=-=-=-
2021-06-11 14:50:43|   1.1|  0.0|STATS |==============================================================================
2021-06-11 14:50:43|   1.1|  0.0|STATS |Total Features Read                                                          0
2021-06-11 14:50:43|   1.1|  0.0|STATS |=-=-=-=-=-=-=-=-=-=-=-=-=-=-=-=-=-=-=-=-=-=-=-=-=-=-=-=-=-=-=-=-=-=-=-=-=-=-=-
2021-06-11 14:50:43|   1.1|  0.0|STATS |=-=-=-=-=-=-=-=-=-=-=-=-=-=-=-=-=-=-=-=-=-=-=-=-=-=-=-=-=-=-=-=-=-=-=-=-=-=-=-
2021-06-11 14:50:43|   1.1|  0.0|STATS |                           Features Written Summary
2021-06-11 14:50:43|   1.1|  0.0|STATS |=-=-=-=-=-=-=-=-=-=-=-=-=-=-=-=-=-=-=-=-=-=-=-=-=-=-=-=-=-=-=-=-=-=-=-=-=-=-=-
2021-06-11 14:50:43|   1.1|  0.0|STATS |==============================================================================
2021-06-11 14:50:43|   1.1|  0.0|STATS |Total Features Written                                                       0
2021-06-11 14:50:43|   1.1|  0.0|STATS |=-=-=-=-=-=-=-=-=-=-=-=-=-=-=-=-=-=-=-=-=-=-=-=-=-=-=-=-=-=-=-=-=-=-=-=-=-=-=-
2021-06-11 14:50:43|   1.1|  0.0|WARN  |-~-~-~-~-~-~-~-~-~-~-~-~-~-~-~-~-~-~-~-~-~-~-~-~-~-~-~-~-~-~-~-~-~-~-~-~-~-~-~-~-
2021-06-11 14:50:43|   1.1|  0.0|WARN  |-~                                                                             ~-
2021-06-11 14:50:43|   1.1|  0.0|WARN  |-~     *** All writer output has been redirected to the Data Inspector ***     ~-
2021-06-11 14:50:43|   1.1|  0.0|WARN  |-~                                                                             ~-
2021-06-11 14:50:43|   1.1|  0.0|WARN  |-~                                                                             ~-
2021-06-11 14:50:43|   1.1|  0.0|WARN  |-~    Feature caches have been recorded at every stage of the translation.     ~-
2021-06-11 14:50:43|   1.1|  0.0|WARN  |-~                      To inspect the recorded features,                      ~-
2021-06-11 14:50:43|   1.1|  0.0|WARN  |-~              click the feature cache icons next to the ports.               ~-
2021-06-11 14:50:43|   1.1|  0.0|WARN  |-~                                                                             ~-
2021-06-11 14:50:43|   1.1|  0.0|WARN  |-~-~-~-~-~-~-~-~-~-~-~-~-~-~-~-~-~-~-~-~-~-~-~-~-~-~-~-~-~-~-~-~-~-~-~-~-~-~-~-~-
2021-06-11 14:50:43|   1.1|  0.0|INFORM|Translation was SUCCESSFUL with 10 warning(s) (0 feature(s) output)
2021-06-11 14:50:43|   1.1|  0.0|INFORM|FME Session Duration: 3.8 seconds. (CPU: 0.1s user, 0.3s system)
2021-06-11 14:50:43|   1.1|  0.0|INFORM|END - ProcessID: 22232, peak process memory usage: 56536 kB, current process memory usage: 56536 kB
